0 1 has taken a fork
0 1 has taken a fork
0 1 is eating
0 1 is thinking
0 2 is thinking
0 3 has taken a fork
0 3 has taken a fork
0 3 is eating
0 3 is thinking
0 4 is thinking
0 5 has taken a fork
0 5 has taken a fork
0 5 is eating
0 5 is thinking
0 6 is thinking
0 7 has taken a fork
0 7 has taken a fork
0 7 is eating
0 7 is thinking
0 8 is thinking
main l46 tiniking_time:0
1 10 is thinking
1 11 has taken a fork
1 11 has taken a fork
1 11 is eating
1 11 is thinking
1 12 is thinking
1 13 has taken a fork
1 13 has taken a fork
1 13 is eating
1 13 is thinking
1 14 is thinking
1 15 has taken a fork
1 15 has taken a fork
1 15 is eating
1 15 is thinking
1 16 is thinking
1 17 has taken a fork
1 17 has taken a fork
1 17 is eating
1 17 is thinking
1 18 is thinking
1 20 is thinking
1 9 has taken a fork
1 9 has taken a fork
1 9 is eating
1 9 is thinking
2 19 has taken a fork
2 19 has taken a fork
2 19 is eating
2 19 is thinking
2 21 has taken a fork
2 21 has taken a fork
2 21 is eating
2 21 is thinking
2 22 is thinking
2 23 has taken a fork
2 23 has taken a fork
2 23 is eating
2 23 is thinking
2 24 is thinking
2 25 has taken a fork
2 25 has taken a fork
2 25 is eating
2 25 is thinking
2 26 is thinking
2 27 has taken a fork
2 27 has taken a fork
2 27 is eating
2 27 is thinking
2 28 is thinking
2 29 has taken a fork
2 29 has taken a fork
2 29 is eating
2 29 is thinking
2 30 is thinking
2 31 is thinking
2 32 is thinking
3 31 has taken a fork
3 31 has taken a fork
3 31 is eating
3 33 has taken a fork
3 33 has taken a fork
3 33 is eating
3 33 is thinking
3 34 is thinking
3 35 has taken a fork
3 35 has taken a fork
3 35 is eating
3 35 is thinking
3 36 is thinking
3 37 has taken a fork
3 37 has taken a fork
3 37 is eating
3 37 is thinking
3 38 is thinking
3 39 has taken a fork
3 39 has taken a fork
3 39 is eating
3 39 is thinking
3 40 is thinking
3 41 has taken a fork
3 41 has taken a fork
3 41 is eating
3 41 is thinking
3 42 is thinking
3 43 is thinking
4 43 has taken a fork
4 43 has taken a fork
4 43 is eating
4 44 is thinking
4 45 has taken a fork
4 45 has taken a fork
4 45 is eating
4 45 is thinking
4 46 is thinking
4 47 has taken a fork
4 47 has taken a fork
4 47 is eating
4 47 is thinking
4 48 is thinking
4 49 has taken a fork
4 49 has taken a fork
4 49 is eating
4 49 is thinking
4 50 is thinking
4 51 has taken a fork
4 51 has taken a fork
4 51 is eating
4 51 is thinking
4 52 is thinking
4 53 is thinking
5 53 has taken a fork
5 53 has taken a fork
5 53 is eating
5 54 is thinking
5 55 has taken a fork
5 55 has taken a fork
5 55 is eating
5 55 is thinking
5 56 is thinking
5 57 has taken a fork
5 57 has taken a fork
5 57 is eating
5 57 is thinking
5 58 is thinking
5 59 has taken a fork
5 59 is thinking
5 60 is thinking
5 61 is thinking
6 59 has taken a fork
6 59 is eating
6 61 has taken a fork
6 61 has taken a fork
6 61 is eating
6 62 is thinking
6 63 has taken a fork
6 63 has taken a fork
6 63 is eating
6 63 is thinking
6 64 is thinking
6 65 has taken a fork
6 65 has taken a fork
6 65 is eating
6 65 is thinking
6 66 is thinking
6 67 has taken a fork
6 67 has taken a fork
6 67 is eating
6 67 is thinking
6 68 is thinking
7 69 has taken a fork
7 69 has taken a fork
7 69 is eating
7 69 is thinking
7 70 is thinking
7 71 has taken a fork
7 71 has taken a fork
7 71 is eating
7 71 is thinking
7 72 is thinking
7 73 has taken a fork
7 73 has taken a fork
7 73 is eating
7 73 is thinking
7 74 is thinking
7 75 has taken a fork
7 75 has taken a fork
7 75 is eating
7 75 is thinking
7 76 is thinking
7 77 is thinking
8 77 has taken a fork
8 77 has taken a fork
8 77 is eating
8 78 is thinking
8 79 has taken a fork
8 79 has taken a fork
8 79 is eating
8 79 is thinking
8 80 is thinking
8 81 has taken a fork
8 81 has taken a fork
8 81 is eating
8 81 is thinking
8 82 is thinking
8 83 has taken a fork
8 83 has taken a fork
8 83 is eating
8 83 is thinking
8 84 is thinking
9 85 has taken a fork
9 85 has taken a fork
9 85 is eating
9 85 is thinking
9 86 is thinking
9 87 has taken a fork
9 87 has taken a fork
9 87 is eating
9 87 is thinking
9 88 is thinking
9 89 has taken a fork
9 89 has taken a fork
9 89 is eating
9 89 is thinking
9 90 is thinking
9 91 is thinking
9 92 is thinking
9 93 is thinking
9 94 is thinking
10 100 is thinking
10 1 is sleeping
10 2 has taken a fork
10 2 has taken a fork
10 2 is eating
10 3 is sleeping
10 4 has taken a fork
10 4 has taken a fork
10 4 is eating
10 5 is sleeping
10 6 has taken a fork
10 91 has taken a fork
10 91 has taken a fork
10 91 is eating
10 93 has taken a fork
10 93 has taken a fork
10 93 is eating
10 95 has taken a fork
10 95 has taken a fork
10 95 is eating
10 95 is thinking
10 96 is thinking
10 97 has taken a fork
10 97 has taken a fork
10 97 is eating
10 97 is thinking
10 98 is thinking
10 99 has taken a fork
10 99 has taken a fork
10 99 is eating
10 99 is thinking
11 10 has taken a fork
11 10 has taken a fork
11 10 is eating
11 11 is sleeping
11 12 has taken a fork
11 12 has taken a fork
11 12 is eating
11 13 is sleeping
11 14 has taken a fork
11 14 has taken a fork
11 14 is eating
11 15 is sleeping
11 16 has taken a fork
11 6 has taken a fork
11 6 is eating
11 7 is sleeping
11 8 has taken a fork
11 8 has taken a fork
11 8 is eating
11 9 is sleeping
12 16 has taken a fork
12 16 is eating
12 17 is sleeping
12 18 has taken a fork
12 18 has taken a fork
12 18 is eating
12 19 is sleeping
12 20 has taken a fork
12 20 has taken a fork
12 20 is eating
12 21 is sleeping
12 22 has taken a fork
12 22 has taken a fork
12 22 is eating
12 23 is sleeping
12 24 has taken a fork
12 24 has taken a fork
12 24 is eating
12 25 is sleeping
12 26 has taken a fork
12 26 has taken a fork
12 26 is eating
12 27 is sleeping
12 28 has taken a fork
12 28 has taken a fork
12 28 is eating
12 29 is sleeping
12 30 has taken a fork
13 30 has taken a fork
13 30 is eating
13 31 is sleeping
13 32 has taken a fork
13 32 has taken a fork
13 32 is eating
13 33 is sleeping
13 34 has taken a fork
13 34 has taken a fork
13 34 is eating
13 35 is sleeping
13 36 has taken a fork
13 36 has taken a fork
13 36 is eating
13 37 is sleeping
13 38 has taken a fork
13 38 has taken a fork
13 38 is eating
13 39 is sleeping
13 40 has taken a fork
13 40 has taken a fork
13 40 is eating
13 41 is sleeping
13 42 has taken a fork
14 42 has taken a fork
14 42 is eating
14 43 is sleeping
14 44 has taken a fork
14 44 has taken a fork
14 44 is eating
14 45 is sleeping
14 46 has taken a fork
14 46 has taken a fork
14 46 is eating
14 47 is sleeping
14 48 has taken a fork
14 48 has taken a fork
14 48 is eating
14 49 is sleeping
14 50 has taken a fork
14 50 has taken a fork
14 50 is eating
14 51 is sleeping
14 52 has taken a fork
15 52 has taken a fork
15 52 is eating
15 53 is sleeping
15 54 has taken a fork
15 54 has taken a fork
15 54 is eating
15 55 is sleeping
15 56 has taken a fork
15 56 has taken a fork
15 56 is eating
15 57 is sleeping
15 58 has taken a fork
16 58 has taken a fork
16 58 is eating
16 59 is sleeping
16 60 has taken a fork
16 60 has taken a fork
16 60 is eating
16 61 is sleeping
16 62 has taken a fork
16 62 has taken a fork
16 62 is eating
16 63 is sleeping
16 64 has taken a fork
16 64 has taken a fork
16 64 is eating
16 65 is sleeping
16 66 has taken a fork
17 66 has taken a fork
17 66 is eating
17 67 is sleeping
17 68 has taken a fork
17 68 has taken a fork
17 68 is eating
17 69 is sleeping
17 70 has taken a fork
17 70 has taken a fork
17 70 is eating
17 71 is sleeping
17 72 has taken a fork
17 72 has taken a fork
17 72 is eating
17 73 is sleeping
17 74 has taken a fork
17 74 has taken a fork
17 74 is eating
17 75 is sleeping
17 76 has taken a fork
18 76 has taken a fork
18 76 is eating
18 77 is sleeping
18 78 has taken a fork
18 78 has taken a fork
18 78 is eating
18 79 is sleeping
18 80 has taken a fork
18 80 has taken a fork
18 80 is eating
18 81 is sleeping
18 82 has taken a fork
18 82 has taken a fork
18 82 is eating
18 83 is sleeping
18 84 has taken a fork
19 84 has taken a fork
19 84 is eating
19 85 is sleeping
19 86 has taken a fork
19 86 has taken a fork
19 86 is eating
19 87 is sleeping
19 88 has taken a fork
19 88 has taken a fork
19 88 is eating
19 89 is sleeping
19 90 has taken a fork
20 100 has taken a fork
20 100 has taken a fork
20 100 is eating
20 1 is thinking
20 3 has taken a fork
20 3 is thinking
20 4 is sleeping
20 5 is thinking
20 90 has taken a fork
20 90 is eating
20 91 is sleeping
20 92 has taken a fork
20 92 has taken a fork
20 92 is eating
20 93 is sleeping
20 94 has taken a fork
20 94 has taken a fork
20 94 is eating
20 95 is sleeping
20 96 has taken a fork
20 96 has taken a fork
20 96 is eating
20 97 is sleeping
20 98 has taken a fork
20 98 has taken a fork
20 98 is eating
20 99 is sleeping
21 10 is sleeping
21 11 has taken a fork
21 11 has taken a fork
21 11 is eating
21 11 is thinking
21 12 is sleeping
21 13 has taken a fork
21 13 has taken a fork
21 13 is eating
21 13 is thinking
21 14 is sleeping
21 15 is thinking
21 1 has taken a fork
21 2 is sleeping
21 3 has taken a fork
21 3 is eating
21 5 has taken a fork
21 5 has taken a fork
21 5 is eating
21 6 is sleeping
21 7 has taken a fork
21 7 has taken a fork
21 7 is eating
21 7 is thinking
21 8 is sleeping
21 9 has taken a fork
21 9 has taken a fork
21 9 is eating
21 9 is thinking
22 15 has taken a fork
22 15 has taken a fork
22 15 is eating
22 16 is sleeping
22 17 has taken a fork
22 17 has taken a fork
22 17 is eating
22 17 is thinking
22 18 is sleeping
22 19 has taken a fork
22 19 has taken a fork
22 19 is eating
22 19 is thinking
22 20 is sleeping
22 21 has taken a fork
22 21 has taken a fork
22 21 is eating
22 21 is thinking
22 22 is sleeping
22 23 has taken a fork
22 23 has taken a fork
22 23 is eating
22 23 is thinking
22 24 is sleeping
22 25 has taken a fork
22 25 has taken a fork
22 25 is eating
22 25 is thinking
22 26 is sleeping
22 27 is thinking
23 27 has taken a fork
23 27 has taken a fork
23 27 is eating
23 28 is sleeping
23 29 has taken a fork
23 29 has taken a fork
23 29 is eating
23 29 is thinking
23 30 is sleeping
23 31 has taken a fork
23 31 has taken a fork
23 31 is eating
23 31 is thinking
23 32 is sleeping
23 33 has taken a fork
23 33 has taken a fork
23 33 is eating
23 33 is thinking
23 34 is sleeping
23 35 has taken a fork
23 35 has taken a fork
23 35 is eating
23 35 is thinking
23 36 is sleeping
23 37 has taken a fork
23 37 has taken a fork
23 37 is eating
23 37 is thinking
23 38 is sleeping
23 39 has taken a fork
23 39 is thinking
23 40 is sleeping
23 41 is thinking
24 39 has taken a fork
24 39 is eating
24 41 has taken a fork
24 41 has taken a fork
24 41 is eating
24 42 is sleeping
24 43 has taken a fork
24 43 has taken a fork
24 43 is eating
24 43 is thinking
24 44 is sleeping
24 45 has taken a fork
24 45 has taken a fork
24 45 is eating
24 45 is thinking
24 46 is sleeping
24 47 has taken a fork
24 47 has taken a fork
24 47 is eating
24 47 is thinking
24 48 is sleeping
24 49 is thinking
25 49 has taken a fork
25 49 has taken a fork
25 49 is eating
25 50 is sleeping
25 51 has taken a fork
25 51 has taken a fork
25 51 is eating
25 51 is thinking
25 52 is sleeping
25 53 has taken a fork
25 53 has taken a fork
25 53 is eating
25 53 is thinking
25 54 is sleeping
25 55 has taken a fork
25 55 has taken a fork
25 55 is eating
25 55 is thinking
25 56 is sleeping
25 57 is thinking
26 57 has taken a fork
26 57 has taken a fork
26 57 is eating
26 58 is sleeping
26 59 has taken a fork
26 59 has taken a fork
26 59 is eating
26 59 is thinking
26 60 is sleeping
26 61 has taken a fork
26 61 has taken a fork
26 61 is eating
26 61 is thinking
26 62 is sleeping
26 63 has taken a fork
26 63 has taken a fork
26 63 is eating
26 63 is thinking
26 64 is sleeping
26 65 is thinking
27 1 died
27 65 has taken a fork
27 65 has taken a fork
27 65 is eating
27 66 is sleeping
27 67 is thinking
